<?xml version="1.0" encoding="UTF-8"?>
<!-- Generated by org.testng.reporters.JUnitReportReporter -->
<testsuite skipped="0" hostname="IB-Pune-LAP-085" name="com.ias.tests.LoginTest" tests="1" failures="0" timestamp="02 Jul 2018 09:06:35 GMT" time="19.776" errors="0">
  <testcase name="testingLoginFunctionality" time="19.776" classname="com.ias.tests.LoginTest"/>
</testsuite> <!-- com.ias.tests.LoginTest -->
